#
# A fatal error has been detected by the Java Runtime Environment:
#
#  SIGSEGV (0xb) at pc=0x00007f7171efad9d, pid=12332, tid=140125218481920
#
# JRE version: Java(TM) SE Runtime Environment (8.0_74-b02) (build 1.8.0_74-b02)
# Java VM: Java HotSpot(TM) 64-Bit Server VM (25.74-b02 mixed mode linux-amd64 compressed oops)
# Problematic frame:
# C  [librxtxSerial.so+0x6d9d]  read_byte_array+0x3d
#
# Failed to write core dump. Core dumps have been disabled. To enable core dumping, try "ulimit -c unlimited" before starting Java again
#
# If you would like to submit a bug report, please visit:
#   http://bugreport.java.com/bugreport/crash.jsp
# The crash happened outside the Java Virtual Machine in native code.
# See problematic frame for where to report the bug.
#

---------------  T H R E A D  ---------------

Current thread (0x00007f71a8108800):  JavaThread "Thread-1" [_thread_in_native, id=12357, stack(0x00007f7171cf2000,0x00007f7171df3000)]

siginfo: si_signo: 11 (SIGSEGV), si_code: 1 (SEGV_MAPERR), si_addr: 0x0000000071ef2488

Registers:
RAX=0x0000000071ef2480, RBX=0x00007f713c000d00, RCX=0x0000000000000001, RDX=0x00007f71b00b1200
RSP=0x00007f7171df1250, RBP=0x00007f71a81089f8, RSI=0x00007f7171efdb25, RDI=0x00007f7171efda9f
R8 =0x0000000000000006, R9 =0x00000000d71aab10, R10=0x0000000000000000, R11=0x00007f71b00b57a8
R12=0xffffffffffffffff, R13=0x0000000000000001, R14=0x0000000000000006, R15=0x00000000ffffffff
RIP=0x00007f7171efad9d, EFLAGS=0x0000000000010206, CSGSFS=0x0000000000000033, ERR=0x0000000000000004
  TRAPNO=0x000000000000000e

Top of Stack: (sp=0x00007f7171df1250)
0x00007f7171df1250:   00007f7171efdb27 0000000100061c10
0x00007f7171df1260:   00000001a8108800 00007f713c000d00
0x00007f7171df1270:   0000000600000400 0000000000000400
0x00007f7171df1280:   0000000000000400 0000000000000000
0x00007f7171df1290:   00007f7171df1300 0000000071ef2480
0x00007f7171df12a0:   00007f7171efde02 00007f71721005d0
0x00007f7171df12b0:   0000000000000000 0000000000000001
0x00007f7171df12c0:   0000000000000006 0000000000000000
0x00007f7171df12d0:   00007f71a81089f8 00007f71b0aec557
0x00007f7171df12e0:   00007f7100000005 0000000000000000
0x00007f7171df12f0:   00007f7171df1360 00007f7171ef4d18
0x00007f7171df1300:   00007f713c000d00 00007f71a81089f8
0x00007f7171df1310:   ffffffffffffffff 00007f71b0af3515
0x00007f7171df1320:   00007f713c000d00 00007f713c000d00
0x00007f7171df1330:   0000000000000006 00007f713c000d00
0x00007f7171df1340:   00007f71a81089f8 ffffffffffffffff
0x00007f7171df1350:   0000000000000001 0000000000000006
0x00007f7171df1360:   0000000000000000 00007f7171efb272
0x00007f7171df1370:   00007f71a8108800 00007f7171df1450
0x00007f7171df1380:   00007f7171df1458 00007f7198c0b130
0x00007f7171df1390:   00007f7171df1420 0000000000000000
0x00007f7171df13a0:   00007f7198c0b128 00007f7171df1458
0x00007f7171df13b0:   00007f71a8108800 00007f7199015994
0x00007f7171df13c0:   00007f7171df1420 00007f7199015719
0x00007f7171df13d0:   00007f71a8108800 00007f71990156e2
0x00007f7171df13e0:   00007f7171df13e0 00007f7198c0b128
0x00007f7171df13f0:   00007f7171df1458 00007f7198c16ef0
0x00007f7171df1400:   0000000000000000 00007f7198c0b130
0x00007f7171df1410:   0000000000000000 00007f7171df1440
0x00007f7171df1420:   00007f7171df14c0 00007f7199007690
0x00007f7171df1430:   0000000000000000 00007f719900f576
0x00007f7171df1440:   0000000000000001 0000000000000000 

Instructions: (pc=0x00007f7171efad9d)
0x00007f7171efad7d:   4c 24 18 48 8d 15 17 2d 00 00 48 8d 0d 0e 2d 00
0x00007f7171efad8d:   00 44 89 44 24 14 e8 88 c7 ff ff 48 89 44 24 48
0x00007f7171efad9d:   8b 40 08 45 85 ff 48 8b 54 24 48 89 44 24 40 c7
0x00007f7171efadad:   42 08 00 00 00 00 0f 88 bd 01 00 00 31 c0 e8 70 

Register to memory mapping:

RAX=0x0000000071ef2480 is an unknown value
RBX=0x00007f713c000d00 is an unknown value
RCX=0x0000000000000001 is an unknown value
RDX=0x00007f71b00b1200: <offset 0xfb1200> in /usr/lib/jvm/java-8-oracle/jre/lib/amd64/server/libjvm.so at 0x00007f71af100000
RSP=0x00007f7171df1250 is pointing into the stack for thread: 0x00007f71a8108800
RBP=0x00007f71a81089f8 is an unknown value
RSI=0x00007f7171efdb25: <offset 0x9b25> in /home/fabien/Documents/Programmation/Eclipse/Java/Logiciels/BeagleBone/mfz-rxtx-2.2-20081207-linux-x86_64/librxtxSerial.so at 0x00007f7171ef4000
RDI=0x00007f7171efda9f: <offset 0x9a9f> in /home/fabien/Documents/Programmation/Eclipse/Java/Logiciels/BeagleBone/mfz-rxtx-2.2-20081207-linux-x86_64/librxtxSerial.so at 0x00007f7171ef4000
R8 =0x0000000000000006 is an unknown value
R9 =0x00000000d71aab10 is an oop
gnu.io.RXTXPort 
 - klass: 'gnu/io/RXTXPort'
R10=0x0000000000000000 is an unknown value
R11=0x00007f71b00b57a8: <offset 0xfb57a8> in /usr/lib/jvm/java-8-oracle/jre/lib/amd64/server/libjvm.so at 0x00007f71af100000
R12=0xffffffffffffffff is an unknown value
R13=0x0000000000000001 is an unknown value
R14=0x0000000000000006 is an unknown value
R15=0x00000000ffffffff is an unallocated location in the heap


Stack: [0x00007f7171cf2000,0x00007f7171df3000],  sp=0x00007f7171df1250,  free space=1020k
Native frames: (J=compiled Java code, j=interpreted, Vv=VM code, C=native code)
C  [librxtxSerial.so+0x6d9d]  read_byte_array+0x3d

Java frames: (J=compiled Java code, j=interpreted, Vv=VM code)
j  gnu.io.RXTXPort.readArray([BII)I+0
j  gnu.io.RXTXPort$SerialInputStream.read([BII)I+212
j  gnu.io.RXTXPort$SerialInputStream.read([B)I+60
j  system.TwoWaySerialComm$SerialReader.run()V+32
j  java.lang.Thread.run()V+11
v  ~StubRoutines::call_stub

---------------  P R O C E S S  ---------------

Java Threads: ( => current thread )
  0x00007f71a800a000 JavaThread "DestroyJavaVM" [_thread_blocked, id=12337, stack(0x00007f71b0bd6000,0x00007f71b0cd7000)]
  0x00007f71a8109800 JavaThread "Thread-2" [_thread_in_native, id=12358, stack(0x00007f7171bf1000,0x00007f7171cf2000)]
=>0x00007f71a8108800 JavaThread "Thread-1" [_thread_in_native, id=12357, stack(0x00007f7171cf2000,0x00007f7171df3000)]
  0x00007f71a812e800 JavaThread "Thread-0" [_thread_in_native, id=12356, stack(0x00007f7171df3000,0x00007f7171ef4000)]
  0x00007f71a80d3000 JavaThread "Service Thread" daemon [_thread_blocked, id=12354, stack(0x00007f7172202000,0x00007f7172303000)]
  0x00007f71a80c7800 JavaThread "C1 CompilerThread3" daemon [_thread_blocked, id=12353, stack(0x00007f7172303000,0x00007f7172404000)]
  0x00007f71a80c5800 JavaThread "C2 CompilerThread2" daemon [_thread_blocked, id=12352, stack(0x00007f7172404000,0x00007f7172505000)]
  0x00007f71a80c4000 JavaThread "C2 CompilerThread1" daemon [_thread_blocked, id=12351, stack(0x00007f7172505000,0x00007f7172606000)]
  0x00007f71a80c1000 JavaThread "C2 CompilerThread0" daemon [_thread_blocked, id=12350, stack(0x00007f7172606000,0x00007f7172707000)]
  0x00007f71a80bf800 JavaThread "Signal Dispatcher" daemon [_thread_blocked, id=12349, stack(0x00007f7172707000,0x00007f7172808000)]
  0x00007f71a808c000 JavaThread "Finalizer" daemon [_thread_blocked, id=12348, stack(0x00007f7172eef000,0x00007f7172ff0000)]
  0x00007f71a8087800 JavaThread "Reference Handler" daemon [_thread_blocked, id=12347, stack(0x00007f7172ff0000,0x00007f71730f1000)]

Other Threads:
  0x00007f71a8080000 VMThread [stack: 0x00007f71730f1000,0x00007f71731f2000] [id=12346]
  0x00007f71a80d5800 WatcherThread [stack: 0x00007f7172101000,0x00007f7172202000] [id=12355]

VM state:not at safepoint (normal execution)

VM Mutex/Monitor currently owned by a thread: None

Heap:
 PSYoungGen      total 36864K, used 3812K [0x00000000d7000000, 0x00000000d9900000, 0x0000000100000000)
  eden space 31744K, 12% used [0x00000000d7000000,0x00000000d73b93d0,0x00000000d8f00000)
  from space 5120K, 0% used [0x00000000d9400000,0x00000000d9400000,0x00000000d9900000)
  to   space 5120K, 0% used [0x00000000d8f00000,0x00000000d8f00000,0x00000000d9400000)
 ParOldGen       total 84992K, used 0K [0x0000000085000000, 0x000000008a300000, 0x00000000d7000000)
  object space 84992K, 0% used [0x0000000085000000,0x0000000085000000,0x000000008a300000)
 Metaspace       used 2927K, capacity 4664K, committed 4864K, reserved 1056768K
  class space    used 311K, capacity 424K, committed 512K, reserved 1048576K

Card table byte_map: [0x00007f71ad5c7000,0x00007f71ad9a0000] byte_map_base: 0x00007f71ad19f000

Marking Bits: (ParMarkBitMap*) 0x00007f71b00b5260
 Begin Bits: [0x00007f7180280000, 0x00007f7182140000)
 End Bits:   [0x00007f7182140000, 0x00007f7184000000)

Polling page: 0x00007f71b0cfc000

CodeCache: size=245760Kb used=1266Kb max_used=1266Kb free=244493Kb
 bounds [0x00007f7199000000, 0x00007f7199270000, 0x00007f71a8000000]
 total_blobs=315 nmethods=84 adapters=146
 compilation: enabled

Compilation events (10 events):
Event: 0,136 Thread 0x00007f71a80c7800   79  s    3       java.lang.StringBuffer::append (13 bytes)
Event: 0,136 Thread 0x00007f71a80c7800 nmethod 79 0x00007f7199139590 code [0x00007f7199139700, 0x00007f7199139a28]
Event: 0,136 Thread 0x00007f71a80c7800   80       3       sun.misc.MetaIndex::mayContain (51 bytes)
Event: 0,136 Thread 0x00007f71a80c7800 nmethod 80 0x00007f7199139b10 code [0x00007f7199139cc0, 0x00007f719913a318]
Event: 0,136 Thread 0x00007f71a80c7800   82       3       java.util.concurrent.ConcurrentHashMap::setTabAt (19 bytes)
Event: 0,136 Thread 0x00007f71a80c7800 nmethod 82 0x00007f719913a950 code [0x00007f719913aaa0, 0x00007f719913ac10]
Event: 0,136 Thread 0x00007f71a80c7800   81       3       java.lang.String::<init> (10 bytes)
Event: 0,136 Thread 0x00007f71a80c7800 nmethod 81 0x00007f719913ac90 code [0x00007f719913ae00, 0x00007f719913afd0]
Event: 0,136 Thread 0x00007f71a80c7800   84   !   3       sun.misc.URLClassPath$JarLoader::getResource (85 bytes)
Event: 0,137 Thread 0x00007f71a80c7800 nmethod 84 0x00007f719913b090 code [0x00007f719913b340, 0x00007f719913c2d8]

GC Heap History (0 events):
No events

Deoptimization events (0 events):
No events

Internal exceptions (6 events):
Event: 0,033 Thread 0x00007f71a800a000 Exception <a 'java/lang/NoSuchMethodError': Method sun.misc.Unsafe.defineClass(Ljava/lang/String;[BII)Ljava/lang/Class; name or signature does not match> (0x00000000d7007cc0) thrown at [/HUDSON3/workspace/8-2-build-linux-amd64/jdk8u74/6087/hotspot/src/sha
Event: 0,033 Thread 0x00007f71a800a000 Exception <a 'java/lang/NoSuchMethodError': Method sun.misc.Unsafe.prefetchRead(Ljava/lang/Object;J)V name or signature does not match> (0x00000000d7007fa8) thrown at [/HUDSON3/workspace/8-2-build-linux-amd64/jdk8u74/6087/hotspot/src/share/vm/prims/jni.cp
Event: 0,075 Thread 0x00007f71a800a000 Exception <a 'java/io/FileNotFoundException'> (0x00000000d714e318) thrown at [/HUDSON3/workspace/8-2-build-linux-amd64/jdk8u74/6087/hotspot/src/share/vm/prims/jni.cpp, line 709]
Event: 0,079 Thread 0x00007f71a800a000 Exception <a 'java/io/FileNotFoundException'> (0x00000000d7160f90) thrown at [/HUDSON3/workspace/8-2-build-linux-amd64/jdk8u74/6087/hotspot/src/share/vm/prims/jni.cpp, line 709]
Event: 0,080 Thread 0x00007f71a800a000 Exception <a 'java/io/FileNotFoundException'> (0x00000000d7172028) thrown at [/HUDSON3/workspace/8-2-build-linux-amd64/jdk8u74/6087/hotspot/src/share/vm/prims/jni.cpp, line 709]
Event: 0,083 Thread 0x00007f71a800a000 Exception <a 'java/io/FileNotFoundException'> (0x00000000d7184708) thrown at [/HUDSON3/workspace/8-2-build-linux-amd64/jdk8u74/6087/hotspot/src/share/vm/prims/jni.cpp, line 709]

Events (10 events):
Event: 0,125 loading class gnu/io/RXTXPort$MonitorThread
Event: 0,125 loading class gnu/io/RXTXPort$MonitorThread done
Event: 0,130 Thread 0x00007f71a812e800 Thread added: 0x00007f71a812e800
Event: 0,136 loading class system/TwoWaySerialComm$SerialReader
Event: 0,136 loading class system/TwoWaySerialComm$SerialReader done
Event: 0,136 Thread 0x00007f71a8108800 Thread added: 0x00007f71a8108800
Event: 0,136 loading class system/TwoWaySerialComm$SerialWriter
Event: 0,136 loading class system/TwoWaySerialComm$SerialWriter done
Event: 0,138 Thread 0x00007f71a8109800 Thread added: 0x00007f71a8109800
Event: 0,138 Thread 0x00007f71a800a000 Thread exited: 0x00007f71a800a000


Dynamic libraries:
00400000-00401000 r-xp 00000000 08:02 28574822                           /usr/lib/jvm/java-8-oracle/bin/java
00600000-00601000 rw-p 00000000 08:02 28574822                           /usr/lib/jvm/java-8-oracle/bin/java
01b0e000-01b2f000 rw-p 00000000 00:00 0                                  [heap]
85000000-8a300000 rw-p 00000000 00:00 0 
8a300000-d7000000 ---p 00000000 00:00 0 
d7000000-d9900000 rw-p 00000000 00:00 0 
d9900000-100000000 ---p 00000000 00:00 0 
100000000-100080000 rw-p 00000000 00:00 0 
100080000-140000000 ---p 00000000 00:00 0 
7f713c000000-7f713c021000 rw-p 00000000 00:00 0 
7f713c021000-7f7140000000 ---p 00000000 00:00 0 
7f7140000000-7f7140021000 rw-p 00000000 00:00 0 
7f7140021000-7f7144000000 ---p 00000000 00:00 0 
7f7144000000-7f7144021000 rw-p 00000000 00:00 0 
7f7144021000-7f7148000000 ---p 00000000 00:00 0 
7f7148000000-7f7148021000 rw-p 00000000 00:00 0 
7f7148021000-7f714c000000 ---p 00000000 00:00 0 
7f714c000000-7f714c177000 rw-p 00000000 00:00 0 
7f714c177000-7f7150000000 ---p 00000000 00:00 0 
7f7150000000-7f7150021000 rw-p 00000000 00:00 0 
7f7150021000-7f7154000000 ---p 00000000 00:00 0 
7f7154000000-7f7154021000 rw-p 00000000 00:00 0 
7f7154021000-7f7158000000 ---p 00000000 00:00 0 
7f7158000000-7f7158021000 rw-p 00000000 00:00 0 
7f7158021000-7f715c000000 ---p 00000000 00:00 0 
7f715c000000-7f715c021000 rw-p 00000000 00:00 0 
7f715c021000-7f7160000000 ---p 00000000 00:00 0 
7f7160000000-7f716005e000 rw-p 00000000 00:00 0 
7f716005e000-7f7164000000 ---p 00000000 00:00 0 
7f7164000000-7f7164021000 rw-p 00000000 00:00 0 
7f7164021000-7f7168000000 ---p 00000000 00:00 0 
7f7168000000-7f7168021000 rw-p 00000000 00:00 0 
7f7168021000-7f716c000000 ---p 00000000 00:00 0 
7f716c000000-7f716c021000 rw-p 00000000 00:00 0 
7f716c021000-7f7170000000 ---p 00000000 00:00 0 
7f7171bf1000-7f7171bf4000 ---p 00000000 00:00 0 
7f7171bf4000-7f7171cf2000 rw-p 00000000 00:00 0                          [stack:12358]
7f7171cf2000-7f7171cf5000 ---p 00000000 00:00 0 
7f7171cf5000-7f7171df3000 rw-p 00000000 00:00 0                          [stack:12357]
7f7171df3000-7f7171df6000 ---p 00000000 00:00 0 
7f7171df6000-7f7171ef4000 rw-p 00000000 00:00 0                          [stack:12356]
7f7171ef4000-7f7171f01000 r-xp 00000000 08:02 14026230                   /home/fabien/Documents/Programmation/Eclipse/Java/Logiciels/BeagleBone/mfz-rxtx-2.2-20081207-linux-x86_64/librxtxSerial.so
7f7171f01000-7f7172100000 ---p 0000d000 08:02 14026230                   /home/fabien/Documents/Programmation/Eclipse/Java/Logiciels/BeagleBone/mfz-rxtx-2.2-20081207-linux-x86_64/librxtxSerial.so
7f7172100000-7f7172101000 rw-p 0000c000 08:02 14026230                   /home/fabien/Documents/Programmation/Eclipse/Java/Logiciels/BeagleBone/mfz-rxtx-2.2-20081207-linux-x86_64/librxtxSerial.so
7f7172101000-7f7172102000 ---p 00000000 00:00 0 
7f7172102000-7f7172202000 rw-p 00000000 00:00 0                          [stack:12355]
7f7172202000-7f7172205000 ---p 00000000 00:00 0 
7f7172205000-7f7172303000 rw-p 00000000 00:00 0                          [stack:12354]
7f7172303000-7f7172306000 ---p 00000000 00:00 0 
7f7172306000-7f7172404000 rw-p 00000000 00:00 0                          [stack:12353]
7f7172404000-7f7172407000 ---p 00000000 00:00 0 
7f7172407000-7f7172505000 rw-p 00000000 00:00 0                          [stack:12352]
7f7172505000-7f7172508000 ---p 00000000 00:00 0 
7f7172508000-7f7172606000 rw-p 00000000 00:00 0                          [stack:12351]
7f7172606000-7f7172609000 ---p 00000000 00:00 0 
7f7172609000-7f7172707000 rw-p 00000000 00:00 0                          [stack:12350]
7f7172707000-7f717270a000 ---p 00000000 00:00 0 
7f717270a000-7f7172808000 rw-p 00000000 00:00 0                          [stack:12349]
7f7172808000-7f7172eef000 r--p 00000000 08:02 23861774                   /usr/lib/locale/locale-archive
7f7172eef000-7f7172ef2000 ---p 00000000 00:00 0 
7f7172ef2000-7f7172ff0000 rw-p 00000000 00:00 0                          [stack:12348]
7f7172ff0000-7f7172ff3000 ---p 00000000 00:00 0 
7f7172ff3000-7f71730f1000 rw-p 00000000 00:00 0                          [stack:12347]
7f71730f1000-7f71730f2000 ---p 00000000 00:00 0 
7f71730f2000-7f7174000000 rw-p 00000000 00:00 0                          [stack:12346]
7f7174000000-7f7174021000 rw-p 00000000 00:00 0 
7f7174021000-7f7178000000 ---p 00000000 00:00 0 
7f7178000000-7f7178021000 rw-p 00000000 00:00 0 
7f7178021000-7f717c000000 ---p 00000000 00:00 0 
7f717c000000-7f717c021000 rw-p 00000000 00:00 0 
7f717c021000-7f7180000000 ---p 00000000 00:00 0 
7f718007e000-7f7184000000 rw-p 00000000 00:00 0 
7f7184000000-7f7184021000 rw-p 00000000 00:00 0 
7f7184021000-7f7188000000 ---p 00000000 00:00 0 
7f7188000000-7f7188021000 rw-p 00000000 00:00 0 
7f7188021000-7f718c000000 ---p 00000000 00:00 0 
7f718c000000-7f718c021000 rw-p 00000000 00:00 0 
7f718c021000-7f7190000000 ---p 00000000 00:00 0 
7f7190000000-7f7190021000 rw-p 00000000 00:00 0 
7f7190021000-7f7194000000 ---p 00000000 00:00 0 
7f7194000000-7f7194021000 rw-p 00000000 00:00 0 
7f7194021000-7f7198000000 ---p 00000000 00:00 0 
7f7198070000-7f7198096000 r--p 00000000 08:02 25697382                   /usr/share/locale-langpack/fr/LC_MESSAGES/libc.mo
7f7198096000-7f7198c40000 rw-p 00000000 00:00 0 
7f7198c40000-7f7199000000 ---p 00000000 00:00 0 
7f7199000000-7f7199270000 rwxp 00000000 00:00 0 
7f7199270000-7f71a8000000 ---p 00000000 00:00 0 
7f71a8000000-7f71a8135000 rw-p 00000000 00:00 0 
7f71a8135000-7f71ac000000 ---p 00000000 00:00 0 
7f71ac011000-7f71ac509000 rw-p 00000000 00:00 0 
7f71ac509000-7f71ac6e1000 r--s 03d1d000 08:02 28574484                   /usr/lib/jvm/java-8-oracle/jre/lib/rt.jar
7f71ac6e1000-7f71acb2f000 rw-p 00000000 00:00 0 
7f71acb2f000-7f71acb30000 ---p 00000000 00:00 0 
7f71acb30000-7f71acc30000 rw-p 00000000 00:00 0                          [stack:12345]
7f71acc30000-7f71acc31000 ---p 00000000 00:00 0 
7f71acc31000-7f71acd31000 rw-p 00000000 00:00 0                          [stack:12344]
7f71acd31000-7f71acd32000 ---p 00000000 00:00 0 
7f71acd32000-7f71ace32000 rw-p 00000000 00:00 0                          [stack:12343]
7f71ace32000-7f71ace33000 ---p 00000000 00:00 0 
7f71ace33000-7f71acf33000 rw-p 00000000 00:00 0                          [stack:12342]
7f71acf33000-7f71acf34000 ---p 00000000 00:00 0 
7f71acf34000-7f71ad034000 rw-p 00000000 00:00 0                          [stack:12341]
7f71ad034000-7f71ad035000 ---p 00000000 00:00 0 
7f71ad035000-7f71ad135000 rw-p 00000000 00:00 0                          [stack:12340]
7f71ad135000-7f71ad136000 ---p 00000000 00:00 0 
7f71ad136000-7f71ad236000 rw-p 00000000 00:00 0                          [stack:12339]
7f71ad236000-7f71ad237000 ---p 00000000 00:00 0 
7f71ad237000-7f71ad361000 rw-p 00000000 00:00 0                          [stack:12338]
7f71ad361000-7f71ad5c7000 ---p 00000000 00:00 0 
7f71ad5c7000-7f71ad5f1000 rw-p 00000000 00:00 0 
7f71ad5f1000-7f71ad857000 ---p 00000000 00:00 0 
7f71ad857000-7f71ad86c000 rw-p 00000000 00:00 0 
7f71ad86c000-7f71ad99f000 ---p 00000000 00:00 0 
7f71ad99f000-7f71ad9aa000 rw-p 00000000 00:00 0 
7f71ad9aa000-7f71add60000 ---p 00000000 00:00 0 
7f71add60000-7f71add7a000 r-xp 00000000 08:02 28574784                   /usr/lib/jvm/java-8-oracle/jre/lib/amd64/libzip.so
7f71add7a000-7f71adf7a000 ---p 0001a000 08:02 28574784                   /usr/lib/jvm/java-8-oracle/jre/lib/amd64/libzip.so
7f71adf7a000-7f71adf7b000 rw-p 0001a000 08:02 28574784                   /usr/lib/jvm/java-8-oracle/jre/lib/amd64/libzip.so
7f71adf7b000-7f71adf86000 r-xp 00000000 08:02 14162764                   /lib/x86_64-linux-gnu/libnss_files-2.19.so
7f71adf86000-7f71ae185000 ---p 0000b000 08:02 14162764                   /lib/x86_64-linux-gnu/libnss_files-2.19.so
7f71ae185000-7f71ae186000 r--p 0000a000 08:02 14162764                   /lib/x86_64-linux-gnu/libnss_files-2.19.so
7f71ae186000-7f71ae187000 rw-p 0000b000 08:02 14162764                   /lib/x86_64-linux-gnu/libnss_files-2.19.so
7f71ae187000-7f71ae192000 r-xp 00000000 08:02 14162756                   /lib/x86_64-linux-gnu/libnss_nis-2.19.so
7f71ae192000-7f71ae391000 ---p 0000b000 08:02 14162756                   /lib/x86_64-linux-gnu/libnss_nis-2.19.so
7f71ae391000-7f71ae392000 r--p 0000a000 08:02 14162756                   /lib/x86_64-linux-gnu/libnss_nis-2.19.so
7f71ae392000-7f71ae393000 rw-p 0000b000 08:02 14162756                   /lib/x86_64-linux-gnu/libnss_nis-2.19.so
7f71ae393000-7f71ae3aa000 r-xp 00000000 08:02 14160049                   /lib/x86_64-linux-gnu/libnsl-2.19.so
7f71ae3aa000-7f71ae5a9000 ---p 00017000 08:02 14160049                   /lib/x86_64-linux-gnu/libnsl-2.19.so
7f71ae5a9000-7f71ae5aa000 r--p 00016000 08:02 14160049                   /lib/x86_64-linux-gnu/libnsl-2.19.so
7f71ae5aa000-7f71ae5ab000 rw-p 00017000 08:02 14160049                   /lib/x86_64-linux-gnu/libnsl-2.19.so
7f71ae5ab000-7f71ae5ad000 rw-p 00000000 00:00 0 
7f71ae5ad000-7f71ae5b6000 r-xp 00000000 08:02 14159979                   /lib/x86_64-linux-gnu/libnss_compat-2.19.so
7f71ae5b6000-7f71ae7b5000 ---p 00009000 08:02 14159979                   /lib/x86_64-linux-gnu/libnss_compat-2.19.so
7f71ae7b5000-7f71ae7b6000 r--p 00008000 08:02 14159979                   /lib/x86_64-linux-gnu/libnss_compat-2.19.so
7f71ae7b6000-7f71ae7b7000 rw-p 00009000 08:02 14159979                   /lib/x86_64-linux-gnu/libnss_compat-2.19.so
7f71ae7b7000-7f71ae7e1000 r-xp 00000000 08:02 28574782                   /usr/lib/jvm/java-8-oracle/jre/lib/amd64/libjava.so
7f71ae7e1000-7f71ae9e1000 ---p 0002a000 08:02 28574782                   /usr/lib/jvm/java-8-oracle/jre/lib/amd64/libjava.so
7f71ae9e1000-7f71ae9e3000 rw-p 0002a000 08:02 28574782                   /usr/lib/jvm/java-8-oracle/jre/lib/amd64/libjava.so
7f71ae9e3000-7f71ae9f0000 r-xp 00000000 08:02 28574766                   /usr/lib/jvm/java-8-oracle/jre/lib/amd64/libverify.so
7f71ae9f0000-7f71aebf0000 ---p 0000d000 08:02 28574766                   /usr/lib/jvm/java-8-oracle/jre/lib/amd64/libverify.so
7f71aebf0000-7f71aebf2000 rw-p 0000d000 08:02 28574766                   /usr/lib/jvm/java-8-oracle/jre/lib/amd64/libverify.so
7f71aebf2000-7f71aebf9000 r-xp 00000000 08:02 14162760                   /lib/x86_64-linux-gnu/librt-2.19.so
7f71aebf9000-7f71aedf8000 ---p 00007000 08:02 14162760                   /lib/x86_64-linux-gnu/librt-2.19.so
7f71aedf8000-7f71aedf9000 r--p 00006000 08:02 14162760                   /lib/x86_64-linux-gnu/librt-2.19.so
7f71aedf9000-7f71aedfa000 rw-p 00007000 08:02 14162760                   /lib/x86_64-linux-gnu/librt-2.19.so
7f71aedfa000-7f71aeeff000 r-xp 00000000 08:02 14156398                   /lib/x86_64-linux-gnu/libm-2.19.so
7f71aeeff000-7f71af0fe000 ---p 00105000 08:02 14156398                   /lib/x86_64-linux-gnu/libm-2.19.so
7f71af0fe000-7f71af0ff000 r--p 00104000 08:02 14156398                   /lib/x86_64-linux-gnu/libm-2.19.so
7f71af0ff000-7f71af100000 rw-p 00105000 08:02 14156398                   /lib/x86_64-linux-gnu/libm-2.19.so
7f71af100000-7f71afdbf000 r-xp 00000000 08:02 28574756                   /usr/lib/jvm/java-8-oracle/jre/lib/amd64/server/libjvm.so
7f71afdbf000-7f71affbe000 ---p 00cbf000 08:02 28574756                   /usr/lib/jvm/java-8-oracle/jre/lib/amd64/server/libjvm.so
7f71affbe000-7f71b0097000 rw-p 00cbe000 08:02 28574756                   /usr/lib/jvm/java-8-oracle/jre/lib/amd64/server/libjvm.so
7f71b0097000-7f71b00e0000 rw-p 00000000 00:00 0 
7f71b00e0000-7f71b029b000 r-xp 00000000 08:02 14162761                   /lib/x86_64-linux-gnu/libc-2.19.so
7f71b029b000-7f71b049a000 ---p 001bb000 08:02 14162761                   /lib/x86_64-linux-gnu/libc-2.19.so
7f71b049a000-7f71b049e000 r--p 001ba000 08:02 14162761                   /lib/x86_64-linux-gnu/libc-2.19.so
7f71b049e000-7f71b04a0000 rw-p 001be000 08:02 14162761                   /lib/x86_64-linux-gnu/libc-2.19.so
7f71b04a0000-7f71b04a5000 rw-p 00000000 00:00 0 
7f71b04a5000-7f71b04a8000 r-xp 00000000 08:02 14156400                   /lib/x86_64-linux-gnu/libdl-2.19.so
7f71b04a8000-7f71b06a7000 ---p 00003000 08:02 14156400                   /lib/x86_64-linux-gnu/libdl-2.19.so
7f71b06a7000-7f71b06a8000 r--p 00002000 08:02 14156400                   /lib/x86_64-linux-gnu/libdl-2.19.so
7f71b06a8000-7f71b06a9000 rw-p 00003000 08:02 14156400                   /lib/x86_64-linux-gnu/libdl-2.19.so
7f71b06a9000-7f71b06be000 r-xp 00000000 08:02 28706735                   /usr/lib/jvm/java-8-oracle/lib/amd64/jli/libjli.so
7f71b06be000-7f71b08be000 ---p 00015000 08:02 28706735                   /usr/lib/jvm/java-8-oracle/lib/amd64/jli/libjli.so
7f71b08be000-7f71b08bf000 rw-p 00015000 08:02 28706735                   /usr/lib/jvm/java-8-oracle/lib/amd64/jli/libjli.so
7f71b08bf000-7f71b08d8000 r-xp 00000000 08:02 14160050                   /lib/x86_64-linux-gnu/libpthread-2.19.so
7f71b08d8000-7f71b0ad7000 ---p 00019000 08:02 14160050                   /lib/x86_64-linux-gnu/libpthread-2.19.so
7f71b0ad7000-7f71b0ad8000 r--p 00018000 08:02 14160050                   /lib/x86_64-linux-gnu/libpthread-2.19.so
7f71b0ad8000-7f71b0ad9000 rw-p 00019000 08:02 14160050                   /lib/x86_64-linux-gnu/libpthread-2.19.so
7f71b0ad9000-7f71b0add000 rw-p 00000000 00:00 0 
7f71b0add000-7f71b0b00000 r-xp 00000000 08:02 14162754                   /lib/x86_64-linux-gnu/ld-2.19.so
7f71b0b0b000-7f71b0bd6000 rw-p 00000000 00:00 0 
7f71b0bd6000-7f71b0bd9000 ---p 00000000 00:00 0 
7f71b0bd9000-7f71b0cdb000 rw-p 00000000 00:00 0                          [stack:12337]
7f71b0ce7000-7f71b0cee000 r--s 00000000 08:02 24256387                   /usr/lib/x86_64-linux-gnu/gconv/gconv-modules.cache
7f71b0cee000-7f71b0cf0000 r--s 0000d000 08:02 14026227                   /home/fabien/Documents/Programmation/Eclipse/Java/Logiciels/BeagleBone/mfz-rxtx-2.2-20081207-linux-x86_64/RXTXcomm.jar
7f71b0cf0000-7f71b0cf3000 r--s 0001f000 08:02 14025120                   /home/fabien/Documents/Programmation/Eclipse/Java/Logiciels/BeagleBone/commapi/jar/comm.jar
7f71b0cf3000-7f71b0cfb000 rw-s 00000000 08:02 47972526                   /tmp/hsperfdata_fabien/12332
7f71b0cfb000-7f71b0cfc000 rw-p 00000000 00:00 0 
7f71b0cfc000-7f71b0cfd000 r--p 00000000 00:00 0 
7f71b0cfd000-7f71b0cff000 rw-p 00000000 00:00 0 
7f71b0cff000-7f71b0d00000 r--p 00022000 08:02 14162754                   /lib/x86_64-linux-gnu/ld-2.19.so
7f71b0d00000-7f71b0d01000 rw-p 00023000 08:02 14162754                   /lib/x86_64-linux-gnu/ld-2.19.so
7f71b0d01000-7f71b0d02000 rw-p 00000000 00:00 0 
7ffd4bf88000-7ffd4bfa9000 rw-p 00000000 00:00 0                          [stack]
7ffd4bfcb000-7ffd4bfcd000 r--p 00000000 00:00 0                          [vvar]
7ffd4bfcd000-7ffd4bfcf000 r-xp 00000000 00:00 0                          [vdso]
ffffffffff600000-ffffffffff601000 r-xp 00000000 00:00 0                  [vsyscall]

VM Arguments:
jvm_args: -Djava.library.path=/home/fabien/Documents/Programmation/Eclipse/Java/Logiciels/BeagleBone/mfz-rxtx-2.2-20081207-linux-x86_64 -Dfile.encoding=UTF-8 
java_command: system.Main
java_class_path (initial): /home/fabien/Documents/Programmation/Eclipse/Java/Logiciels/BeagleBone/Servos/bin:/home/fabien/Documents/Programmation/Eclipse/Java/Logiciels/BeagleBone/commapi/jar/comm.jar:/home/fabien/Documents/Programmation/Eclipse/Java/Logiciels/BeagleBone/mfz-rxtx-2.2-20081207-linux-x86_64/RXTXcomm.jar
Launcher Type: SUN_STANDARD

Environment Variables:
JAVA_HOME=/usr/local/java/jre1.8.0_60
PATH=/usr/local/sbin:/usr/local/bin:/usr/sbin:/usr/bin:/sbin:/bin:/usr/games:/usr/local/games:/home/fabien/bin:/usr/local/java/jre1.8.0_60/bin:/opt/microchip/xc8/v1.35/bin
USERNAME=fabien
SHELL=/bin/bash
DISPLAY=:0

Signal Handlers:
SIGSEGV: [libjvm.so+0xabb070], sa_mask[0]=11111111011111111101111111111110, sa_flags=SA_RESTART|SA_SIGINFO
SIGBUS: [libjvm.so+0xabb070], sa_mask[0]=11111111011111111101111111111110, sa_flags=SA_RESTART|SA_SIGINFO
SIGFPE: [libjvm.so+0x918480], sa_mask[0]=11111111011111111101111111111110, sa_flags=SA_RESTART|SA_SIGINFO
SIGPIPE: [libjvm.so+0x918480], sa_mask[0]=11111111011111111101111111111110, sa_flags=SA_RESTART|SA_SIGINFO
SIGXFSZ: [libjvm.so+0x918480], sa_mask[0]=11111111011111111101111111111110, sa_flags=SA_RESTART|SA_SIGINFO
SIGILL: [libjvm.so+0x918480], sa_mask[0]=11111111011111111101111111111110, sa_flags=SA_RESTART|SA_SIGINFO
SIGUSR1: SIG_DFL, sa_mask[0]=00000000000000000000000000000000, sa_flags=none
SIGUSR2: [libjvm.so+0x919ab0], sa_mask[0]=00100000000000000000000000000000, sa_flags=SA_RESTART|SA_SIGINFO
SIGHUP: [libjvm.so+0x91aeb0], sa_mask[0]=11111111011111111101111111111110, sa_flags=SA_RESTART|SA_SIGINFO
SIGINT: [libjvm.so+0x91aeb0], sa_mask[0]=11111111011111111101111111111110, sa_flags=SA_RESTART|SA_SIGINFO
SIGTERM: [libjvm.so+0x91aeb0], sa_mask[0]=11111111011111111101111111111110, sa_flags=SA_RESTART|SA_SIGINFO
SIGQUIT: [libjvm.so+0x91aeb0], sa_mask[0]=11111111011111111101111111111110, sa_flags=SA_RESTART|SA_SIGINFO


---------------  S Y S T E M  ---------------

OS:DISTRIB_ID=Ubuntu
DISTRIB_RELEASE=14.04
DISTRIB_CODENAME=trusty
DISTRIB_DESCRIPTION="Ubuntu 14.04.4 LTS"

uname:Linux 3.19.0-51-generic #58~14.04.1-Ubuntu SMP Fri Feb 26 22:02:58 UTC 2016 x86_64
libc:glibc 2.19 NPTL 2.19 
rlimit: STACK 8192k, CORE 0k, NPROC 30688, NOFILE 4096, AS infinity
load average:2,70 2,48 1,79

/proc/meminfo:
MemTotal:        8058148 kB
MemFree:          147792 kB
MemAvailable:    4778668 kB
Buffers:         1829632 kB
Cached:          3193652 kB
SwapCached:         7188 kB
Active:          4212592 kB
Inactive:        3282276 kB
Active(anon):    1897532 kB
Inactive(anon):   981964 kB
Active(file):    2315060 kB
Inactive(file):  2300312 kB
Unevictable:           0 kB
Mlocked:               0 kB
SwapTotal:       8270844 kB
SwapFree:        8116184 kB
Dirty:             15228 kB
Writeback:             0 kB
AnonPages:       2471952 kB
Mapped:           280624 kB
Shmem:            407300 kB
Slab:             313680 kB
SReclaimable:     268908 kB
SUnreclaim:        44772 kB
KernelStack:       10176 kB
PageTables:        38160 kB
NFS_Unstable:          0 kB
Bounce:                0 kB
WritebackTmp:          0 kB
CommitLimit:    12299916 kB
Committed_AS:    6789556 kB
VmallocTotal:   34359738367 kB
VmallocUsed:      358824 kB
VmallocChunk:   34359327376 kB
HardwareCorrupted:     0 kB
AnonHugePages:   1177600 kB
CmaTotal:              0 kB
CmaFree:               0 kB
HugePages_Total:       0
HugePages_Free:        0
HugePages_Rsvd:        0
HugePages_Surp:        0
Hugepagesize:       2048 kB
DirectMap4k:      341392 kB
DirectMap2M:     7929856 kB
DirectMap1G:           0 kB


CPU:total 8 (4 cores per cpu, 2 threads per core) family 6 model 60 stepping 3, cmov, cx8, fxsr, mmx, sse, sse2, sse3, ssse3, sse4.1, sse4.2, popcnt, avx, avx2, aes, clmul, erms, lzcnt, ht, tsc, tscinvbit, bmi1, bmi2

/proc/cpuinfo:
processor	: 0
vendor_id	: GenuineIntel
cpu family	: 6
model		: 60
model name	: Intel(R) Core(TM) i7-4700HQ CPU @ 2.40GHz
stepping	: 3
microcode	: 0x8
cpu MHz		: 3191.250
cache size	: 6144 KB
physical id	: 0
siblings	: 8
core id		: 0
cpu cores	: 4
apicid		: 0
initial apicid	: 0
fpu		: yes
fpu_exception	: yes
cpuid level	: 13
wp		: yes
flags		: fpu vme de pse tsc msr pae mce cx8 apic sep mtrr pge mca cmov pat pse36 clflush dts acpi mmx fxsr sse sse2 ss ht tm pbe syscall nx pdpe1gb rdtscp lm constant_tsc arch_perfmon pebs bts rep_good nopl xtopology nonstop_tsc aperfmperf eagerfpu pni pclmulqdq dtes64 monitor ds_cpl vmx est tm2 ssse3 fma cx16 xtpr pdcm pcid sse4_1 sse4_2 x2apic movbe popcnt tsc_deadline_timer aes xsave avx f16c rdrand lahf_lm abm ida arat epb pln pts dtherm tpr_shadow vnmi flexpriority ept vpid fsgsbase tsc_adjust bmi1 avx2 smep bmi2 erms invpcid xsaveopt
bugs		:
bogomips	: 4789.40
clflush size	: 64
cache_alignment	: 64
address sizes	: 39 bits physical, 48 bits virtual
power management:

processor	: 1
vendor_id	: GenuineIntel
cpu family	: 6
model		: 60
model name	: Intel(R) Core(TM) i7-4700HQ CPU @ 2.40GHz
stepping	: 3
microcode	: 0x8
cpu MHz		: 3206.062
cache size	: 6144 KB
physical id	: 0
siblings	: 8
core id		: 1
cpu cores	: 4
apicid		: 2
initial apicid	: 2
fpu		: yes
fpu_exception	: yes
cpuid level	: 13
wp		: yes
flags		: fpu vme de pse tsc msr pae mce cx8 apic sep mtrr pge mca cmov pat pse36 clflush dts acpi mmx fxsr sse sse2 ss ht tm pbe syscall nx pdpe1gb rdtscp lm constant_tsc arch_perfmon pebs bts rep_good nopl xtopology nonstop_tsc aperfmperf eagerfpu pni pclmulqdq dtes64 monitor ds_cpl vmx est tm2 ssse3 fma cx16 xtpr pdcm pcid sse4_1 sse4_2 x2apic movbe popcnt tsc_deadline_timer aes xsave avx f16c rdrand lahf_lm abm ida arat epb pln pts dtherm tpr_shadow vnmi flexpriority ept vpid fsgsbase tsc_adjust bmi1 avx2 smep bmi2 erms invpcid xsaveopt
bugs		:
bogomips	: 4789.40
clflush size	: 64
cache_alignment	: 64
address sizes	: 39 bits physical, 48 bits virtual
power management:

processor	: 2
vendor_id	: GenuineIntel
cpu family	: 6
model		: 60
model name	: Intel(R) Core(TM) i7-4700HQ CPU @ 2.40GHz
stepping	: 3
microcode	: 0x8
cpu MHz		: 3238.500
cache size	: 6144 KB
physical id	: 0
siblings	: 8
core id		: 2
cpu cores	: 4
apicid		: 4
initial apicid	: 4
fpu		: yes
fpu_exception	: yes
cpuid level	: 13
wp		: yes
flags		: fpu vme de pse tsc msr pae mce cx8 apic sep mtrr pge mca cmov pat pse36 clflush dts acpi mmx fxsr sse sse2 ss ht tm pbe syscall nx pdpe1gb rdtscp lm constant_tsc arch_perfmon pebs bts rep_good nopl xtopology nonstop_tsc aperfmperf eagerfpu pni pclmulqdq dtes64 monitor ds_cpl vmx est tm2 ssse3 fma cx16 xtpr pdcm pcid sse4_1 sse4_2 x2apic movbe popcnt tsc_deadline_timer aes xsave avx f16c rdrand lahf_lm abm ida arat epb pln pts dtherm tpr_shadow vnmi flexpriority ept vpid fsgsbase tsc_adjust bmi1 avx2 smep bmi2 erms invpcid xsaveopt
bugs		:
bogomips	: 4789.40
clflush size	: 64
cache_alignment	: 64
address sizes	: 39 bits physical, 48 bits virtual
power management:

processor	: 3
vendor_id	: GenuineIntel
cpu family	: 6
model		: 60
model name	: Intel(R) Core(TM) i7-4700HQ CPU @ 2.40GHz
stepping	: 3
microcode	: 0x8
cpu MHz		: 3234.093
cache size	: 6144 KB
physical id	: 0
siblings	: 8
core id		: 3
cpu cores	: 4
apicid		: 6
initial apicid	: 6
fpu		: yes
fpu_exception	: yes
cpuid level	: 13
wp		: yes
flags		: fpu vme de pse tsc msr pae mce cx8 apic sep mtrr pge mca cmov pat pse36 clflush dts acpi mmx fxsr sse sse2 ss ht tm pbe syscall nx pdpe1gb rdtscp lm constant_tsc arch_perfmon pebs bts rep_good nopl xtopology nonstop_tsc aperfmperf eagerfpu pni pclmulqdq dtes64 monitor ds_cpl vmx est tm2 ssse3 fma cx16 xtpr pdcm pcid sse4_1 sse4_2 x2apic movbe popcnt tsc_deadline_timer aes xsave avx f16c rdrand lahf_lm abm ida arat epb pln pts dtherm tpr_shadow vnmi flexpriority ept vpid fsgsbase tsc_adjust bmi1 avx2 smep bmi2 erms invpcid xsaveopt
bugs		:
bogomips	: 4789.40
clflush size	: 64
cache_alignment	: 64
address sizes	: 39 bits physical, 48 bits virtual
power management:

processor	: 4
vendor_id	: GenuineIntel
cpu family	: 6
model		: 60
model name	: Intel(R) Core(TM) i7-4700HQ CPU @ 2.40GHz
stepping	: 3
microcode	: 0x8
cpu MHz		: 3304.406
cache size	: 6144 KB
physical id	: 0
siblings	: 8
core id		: 0
cpu cores	: 4
apicid		: 1
initial apicid	: 1
fpu		: yes
fpu_exception	: yes
cpuid level	: 13
wp		: yes
flags		: fpu vme de pse tsc msr pae mce cx8 apic sep mtrr pge mca cmov pat pse36 clflush dts acpi mmx fxsr sse sse2 ss ht tm pbe syscall nx pdpe1gb rdtscp lm constant_tsc arch_perfmon pebs bts rep_good nopl xtopology nonstop_tsc aperfmperf eagerfpu pni pclmulqdq dtes64 monitor ds_cpl vmx est tm2 ssse3 fma cx16 xtpr pdcm pcid sse4_1 sse4_2 x2apic movbe popcnt tsc_deadline_timer aes xsave avx f16c rdrand lahf_lm abm ida arat epb pln pts dtherm tpr_shadow vnmi flexpriority ept vpid fsgsbase tsc_adjust bmi1 avx2 smep bmi2 erms invpcid xsaveopt
bugs		:
bogomips	: 4789.40
clflush size	: 64
cache_alignment	: 64
address sizes	: 39 bits physical, 48 bits virtual
power management:

processor	: 5
vendor_id	: GenuineIntel
cpu family	: 6
model		: 60
model name	: Intel(R) Core(TM) i7-4700HQ CPU @ 2.40GHz
stepping	: 3
microcode	: 0x8
cpu MHz		: 3224.625
cache size	: 6144 KB
physical id	: 0
siblings	: 8
core id		: 1
cpu cores	: 4
apicid		: 3
initial apicid	: 3
fpu		: yes
fpu_exception	: yes
cpuid level	: 13
wp		: yes
flags		: fpu vme de pse tsc msr pae mce cx8 apic sep mtrr pge mca cmov pat pse36 clflush dts acpi mmx fxsr sse sse2 ss ht tm pbe syscall nx pdpe1gb rdtscp lm constant_tsc arch_perfmon pebs bts rep_good nopl xtopology nonstop_tsc aperfmperf eagerfpu pni pclmulqdq dtes64 monitor ds_cpl vmx est tm2 ssse3 fma cx16 xtpr pdcm pcid sse4_1 sse4_2 x2apic movbe popcnt tsc_deadline_timer aes xsave avx f16c rdrand lahf_lm abm ida arat epb pln pts dtherm tpr_shadow vnmi flexpriority ept vpid fsgsbase tsc_adjust bmi1 avx2 smep bmi2 erms invpcid xsaveopt
bugs		:
bogomips	: 4789.40
clflush size	: 64
cache_alignment	: 64
address sizes	: 39 bits physical, 48 bits virtual
power management:

processor	: 6
vendor_id	: GenuineIntel
cpu family	: 6
model		: 60
model name	: Intel(R) Core(TM) i7-4700HQ CPU @ 2.40GHz
stepping	: 3
microcode	: 0x8
cpu MHz		: 3232.875
cache size	: 6144 KB
physical id	: 0
siblings	: 8
core id		: 2
cpu cores	: 4
apicid		: 5
initial apicid	: 5
fpu		: yes
fpu_exception	: yes
cpuid level	: 13
wp		: yes
flags		: fpu vme de pse tsc msr pae mce cx8 apic sep mtrr pge mca cmov pat pse36 clflush dts acpi mmx fxsr sse sse2 ss ht tm pbe syscall nx pdpe1gb rdtscp lm constant_tsc arch_perfmon pebs bts rep_good nopl xtopology nonstop_tsc aperfmperf eagerfpu pni pclmulqdq dtes64 monitor ds_cpl vmx est tm2 ssse3 fma cx16 xtpr pdcm pcid sse4_1 sse4_2 x2apic movbe popcnt tsc_deadline_timer aes xsave avx f16c rdrand lahf_lm abm ida arat epb pln pts dtherm tpr_shadow vnmi flexpriority ept vpid fsgsbase tsc_adjust bmi1 avx2 smep bmi2 erms invpcid xsaveopt
bugs		:
bogomips	: 4789.40
clflush size	: 64
cache_alignment	: 64
address sizes	: 39 bits physical, 48 bits virtual
power management:

processor	: 7
vendor_id	: GenuineIntel
cpu family	: 6
model		: 60
model name	: Intel(R) Core(TM) i7-4700HQ CPU @ 2.40GHz
stepping	: 3
microcode	: 0x8
cpu MHz		: 3207.093
cache size	: 6144 KB
physical id	: 0
siblings	: 8
core id		: 3
cpu cores	: 4
apicid		: 7
initial apicid	: 7
fpu		: yes
fpu_exception	: yes
cpuid level	: 13
wp		: yes
flags		: fpu vme de pse tsc msr pae mce cx8 apic sep mtrr pge mca cmov pat pse36 clflush dts acpi mmx fxsr sse sse2 ss ht tm pbe syscall nx pdpe1gb rdtscp lm constant_tsc arch_perfmon pebs bts rep_good nopl xtopology nonstop_tsc aperfmperf eagerfpu pni pclmulqdq dtes64 monitor ds_cpl vmx est tm2 ssse3 fma cx16 xtpr pdcm pcid sse4_1 sse4_2 x2apic movbe popcnt tsc_deadline_timer aes xsave avx f16c rdrand lahf_lm abm ida arat epb pln pts dtherm tpr_shadow vnmi flexpriority ept vpid fsgsbase tsc_adjust bmi1 avx2 smep bmi2 erms invpcid xsaveopt
bugs		:
bogomips	: 4789.40
clflush size	: 64
cache_alignment	: 64
address sizes	: 39 bits physical, 48 bits virtual
power management:



Memory: 4k page, physical 8058148k(147792k free), swap 8270844k(8116184k free)

vm_info: Java HotSpot(TM) 64-Bit Server VM (25.74-b02) for linux-amd64 JRE (1.8.0_74-b02), built on Jan 29 2016 19:20:56 by "java_re" with gcc 4.3.0 20080428 (Red Hat 4.3.0-8)

time: Tue Mar  8 12:01:49 2016
elapsed time: 0 seconds (0d 0h 0m 0s)

